mode: set
go-laptop-booking/serializer/file.go:10.76,12.16 2 1
go-laptop-booking/serializer/file.go:15.2,16.16 2 1
go-laptop-booking/serializer/file.go:19.2,19.12 1 1
go-laptop-booking/serializer/file.go:12.16,14.3 1 0
go-laptop-booking/serializer/file.go:16.16,18.3 1 0
go-laptop-booking/serializer/file.go:22.78,24.16 2 1
go-laptop-booking/serializer/file.go:27.2,28.16 2 1
go-laptop-booking/serializer/file.go:31.2,31.12 1 1
go-laptop-booking/serializer/file.go:24.16,26.3 1 0
go-laptop-booking/serializer/file.go:28.16,30.3 1 0
go-laptop-booking/serializer/file.go:34.79,36.16 2 1
go-laptop-booking/serializer/file.go:39.2,40.16 2 1
go-laptop-booking/serializer/file.go:43.2,43.12 1 1
go-laptop-booking/serializer/file.go:36.16,38.3 1 0
go-laptop-booking/serializer/file.go:40.16,42.3 1 0
go-laptop-booking/serializer/json.go:8.60,17.2 3 1
