mode: set
go-laptop-booking/serializer/file.go:10.76,12.16 2 1
go-laptop-booking/serializer/file.go:15.2,16.16 2 1
go-laptop-booking/serializer/file.go:19.2,19.12 1 1
go-laptop-booking/serializer/file.go:12.16,14.3 1 0
go-laptop-booking/serializer/file.go:16.16,18.3 1 0
go-laptop-booking/serializer/file.go:22.78,24.16 2 1
go-laptop-booking/serializer/file.go:27.2,28.16 2 1
go-laptop-booking/serializer/file.go:31.2,31.12 1 1
go-laptop-booking/serializer/file.go:24.16,26.3 1 0
go-laptop-booking/serializer/file.go:28.16,30.3 1 0
go-laptop-booking/serializer/file.go:34.79,36.16 2 1
go-laptop-booking/serializer/file.go:39.2,40.16 2 1
go-laptop-booking/serializer/file.go:43.2,43.12 1 1
go-laptop-booking/serializer/file.go:36.16,38.3 1 0
go-laptop-booking/serializer/file.go:40.16,42.3 1 0
go-laptop-booking/serializer/json.go:8.60,17.2 3 1
go-laptop-booking/service/laptop_server.go:18.55,22.2 1 1
go-laptop-booking/service/laptop_server.go:24.126,27.24 3 1
go-laptop-booking/service/laptop_server.go:41.2,41.35 1 1
go-laptop-booking/service/laptop_server.go:45.2,45.43 1 1
go-laptop-booking/service/laptop_server.go:50.2,51.16 2 1
go-laptop-booking/service/laptop_server.go:58.2,62.17 3 1
go-laptop-booking/service/laptop_server.go:27.24,29.17 2 1
go-laptop-booking/service/laptop_server.go:29.17,31.4 1 1
go-laptop-booking/service/laptop_server.go:32.8,34.17 2 1
go-laptop-booking/service/laptop_server.go:37.3,37.26 1 1
go-laptop-booking/service/laptop_server.go:34.17,36.4 1 0
go-laptop-booking/service/laptop_server.go:41.35,44.3 2 0
go-laptop-booking/service/laptop_server.go:45.43,48.3 2 0
go-laptop-booking/service/laptop_server.go:51.16,53.39 2 1
go-laptop-booking/service/laptop_server.go:56.3,56.78 1 1
go-laptop-booking/service/laptop_server.go:53.39,55.4 1 1
go-laptop-booking/service/laptop_server.go:65.121,71.33 3 1
go-laptop-booking/service/laptop_server.go:83.2,83.16 1 1
go-laptop-booking/service/laptop_server.go:86.2,86.12 1 1
go-laptop-booking/service/laptop_server.go:71.33,76.18 3 1
go-laptop-booking/service/laptop_server.go:79.4,80.14 2 1
go-laptop-booking/service/laptop_server.go:76.18,78.5 1 0
go-laptop-booking/service/laptop_server.go:83.16,85.3 1 0
go-laptop-booking/service/laptop_store.go:31.52,35.2 1 1
go-laptop-booking/service/laptop_store.go:37.65,40.34 3 1
go-laptop-booking/service/laptop_store.go:43.2,44.16 2 1
go-laptop-booking/service/laptop_store.go:47.2,48.12 2 1
go-laptop-booking/service/laptop_store.go:40.34,42.3 1 1
go-laptop-booking/service/laptop_store.go:44.16,46.3 1 0
go-laptop-booking/service/laptop_store.go:51.71,55.19 4 1
go-laptop-booking/service/laptop_store.go:58.2,58.25 1 1
go-laptop-booking/service/laptop_store.go:55.19,57.3 1 0
go-laptop-booking/service/laptop_store.go:61.125,64.36 3 1
go-laptop-booking/service/laptop_store.go:82.2,82.12 1 1
go-laptop-booking/service/laptop_store.go:64.36,67.77 1 1
go-laptop-booking/service/laptop_store.go:71.3,71.34 1 1
go-laptop-booking/service/laptop_store.go:67.77,70.4 2 0
go-laptop-booking/service/laptop_store.go:71.34,73.18 2 1
go-laptop-booking/service/laptop_store.go:76.4,77.18 2 1
go-laptop-booking/service/laptop_store.go:73.18,75.5 1 0
go-laptop-booking/service/laptop_store.go:77.18,79.5 1 0
go-laptop-booking/service/laptop_store.go:85.61,86.52 1 1
go-laptop-booking/service/laptop_store.go:89.2,89.64 1 1
go-laptop-booking/service/laptop_store.go:92.2,92.57 1 1
go-laptop-booking/service/laptop_store.go:95.2,95.56 1 1
go-laptop-booking/service/laptop_store.go:98.2,98.13 1 1
go-laptop-booking/service/laptop_store.go:86.52,88.3 1 1
go-laptop-booking/service/laptop_store.go:89.64,91.3 1 1
go-laptop-booking/service/laptop_store.go:92.57,94.3 1 0
go-laptop-booking/service/laptop_store.go:95.56,97.3 1 0
go-laptop-booking/service/laptop_store.go:101.38,103.26 2 1
go-laptop-booking/service/laptop_store.go:104.21,105.15 1 0
go-laptop-booking/service/laptop_store.go:106.22,107.20 1 0
go-laptop-booking/service/laptop_store.go:108.26,109.21 1 0
go-laptop-booking/service/laptop_store.go:110.26,111.21 1 0
go-laptop-booking/service/laptop_store.go:112.26,113.21 1 1
go-laptop-booking/service/laptop_store.go:114.26,115.21 1 0
go-laptop-booking/service/laptop_store.go:116.10,117.11 1 0
go-laptop-booking/service/laptop_store.go:121.54,124.16 3 1
go-laptop-booking/service/laptop_store.go:127.2,127.19 1 1
go-laptop-booking/service/laptop_store.go:124.16,126.3 1 0
