mode: atomic
go-laptop-booking/serializer/file.go:10.76,12.16 2 1
go-laptop-booking/serializer/file.go:15.2,16.16 2 1
go-laptop-booking/serializer/file.go:19.2,19.12 1 1
go-laptop-booking/serializer/file.go:12.16,14.3 1 0
go-laptop-booking/serializer/file.go:16.16,18.3 1 0
go-laptop-booking/serializer/file.go:22.78,24.16 2 1
go-laptop-booking/serializer/file.go:27.2,28.16 2 1
go-laptop-booking/serializer/file.go:31.2,31.12 1 1
go-laptop-booking/serializer/file.go:24.16,26.3 1 0
go-laptop-booking/serializer/file.go:28.16,30.3 1 0
go-laptop-booking/serializer/file.go:34.79,36.16 2 1
go-laptop-booking/serializer/file.go:39.2,40.16 2 1
go-laptop-booking/serializer/file.go:43.2,43.12 1 1
go-laptop-booking/serializer/file.go:36.16,38.3 1 0
go-laptop-booking/serializer/file.go:40.16,42.3 1 0
go-laptop-booking/serializer/json.go:8.60,17.2 3 1
go-laptop-booking/service/laptop_server.go:18.55,22.2 1 5
go-laptop-booking/service/laptop_server.go:24.126,27.24 3 5
go-laptop-booking/service/laptop_server.go:41.2,41.35 1 4
go-laptop-booking/service/laptop_server.go:45.2,45.43 1 4
go-laptop-booking/service/laptop_server.go:50.2,51.16 2 4
go-laptop-booking/service/laptop_server.go:58.2,62.17 3 3
go-laptop-booking/service/laptop_server.go:27.24,29.17 2 4
go-laptop-booking/service/laptop_server.go:29.17,31.4 1 1
go-laptop-booking/service/laptop_server.go:32.8,34.17 2 1
go-laptop-booking/service/laptop_server.go:37.3,37.26 1 1
go-laptop-booking/service/laptop_server.go:34.17,36.4 1 0
go-laptop-booking/service/laptop_server.go:41.35,44.3 2 0
go-laptop-booking/service/laptop_server.go:45.43,48.3 2 0
go-laptop-booking/service/laptop_server.go:51.16,53.39 2 1
go-laptop-booking/service/laptop_server.go:56.3,56.78 1 1
go-laptop-booking/service/laptop_server.go:53.39,55.4 1 1
go-laptop-booking/service/laptop_store.go:28.52,32.2 1 5
go-laptop-booking/service/laptop_store.go:34.65,37.34 3 5
go-laptop-booking/service/laptop_store.go:41.2,43.16 3 4
go-laptop-booking/service/laptop_store.go:46.2,47.12 2 4
go-laptop-booking/service/laptop_store.go:37.34,39.3 1 1
go-laptop-booking/service/laptop_store.go:43.16,45.3 1 0
go-laptop-booking/service/laptop_store.go:50.71,54.19 4 1
go-laptop-booking/service/laptop_store.go:58.2,60.16 3 1
go-laptop-booking/service/laptop_store.go:63.2,63.19 1 1
go-laptop-booking/service/laptop_store.go:54.19,56.3 1 0
go-laptop-booking/service/laptop_store.go:60.16,62.3 1 0
